<?xml version="1.0" encoding="UTF-8"?>
<!-- Generated by org.testng.reporters.JUnitReportReporter -->
<testsuite skipped="0" hostname="DESKTOP-JJDSUCG" name="ups.pack.UPSTestRunner" tests="2" failures="0" timestamp="2021-07-07T16:31:55 EDT" time="18.178" errors="0">
  <testcase name="mDemoTest2" time="2.913" classname="ups.pack.UPSTestRunner"/>
  <system-out/>
  <testcase name="signUpLinkTest" time="15.265" classname="ups.pack.UPSTestRunner"/>
  <system-out/>
</testsuite> <!-- ups.pack.UPSTestRunner -->
